<?xml version="1.0" encoding="UTF-8"?>
<!-- Generated by org.testng.reporters.JUnitReportReporter -->
<testsuite hostname="LAPTOP-GQ2BCS1M" failures="0" tests="1" name="TestENG2.example4_Annotations" time="0.000" errors="0" timestamp="2023-08-30T00:54:24 IST" skipped="0">
  <testcase classname="TestENG2.example4_Annotations" name="verifyFullName1" time="0.000">
    <system-out>
      <![CDATA[running verify Full Name1 TC]]>
    </system-out>
  </testcase> <!-- verifyFullName1 -->
  <system-out>
    <![CDATA[---open Browser----
---login To App----
running verify Full Name1 TC
---logout from App----
---close Browser----]]>
  </system-out>
</testsuite> <!-- TestENG2.example4_Annotations -->
