<?xml version="1.0" encoding="UTF-8"?>
<!-- Generated by org.testng.reporters.JUnitReportReporter -->
<testsuite hostname="LAPTOP-GQ2BCS1M" failures="0" tests="3" name="TestNG1.example8_EmailableReport" time="0.016" errors="0" timestamp="2023-08-28T22:26:25 IST" skipped="0">
  <testcase classname="TestNG1.example8_EmailableReport" name="TC1" time="0.016">
    <system-out>
      <![CDATA[running TC1 Test cases]]>
    </system-out>
  </testcase> <!-- TC1 -->
  <testcase classname="TestNG1.example8_EmailableReport" name="TC3" time="0.000">
    <system-out>
      <![CDATA[running TC3 Test cases]]>
    </system-out>
  </testcase> <!-- TC3 -->
  <testcase classname="TestNG1.example8_EmailableReport" name="TC2" time="0.000">
    <system-out>
      <![CDATA[running TC2 Test cases]]>
    </system-out>
  </testcase> <!-- TC2 -->
  <system-out>
    <![CDATA[running TC1 Test cases
running TC2 Test cases
running TC3 Test cases]]>
  </system-out>
</testsuite> <!-- TestNG1.example8_EmailableReport -->
