<?xml version="1.0" encoding="UTF-8"?>
<!-- Generated by org.testng.reporters.JUnitReportReporter -->
<testsuite hostname="LAPTOP-GQ2BCS1M" failures="0" tests="1" name="TestNG1.example3_EmailableReport" time="0.016" errors="0" timestamp="2023-08-28T00:39:31 IST" skipped="0">
  <testcase classname="TestNG1.example3_EmailableReport" name="TC1" time="0.016"/>
</testsuite> <!-- TestNG1.example3_EmailableReport -->
