<?xml version="1.0" encoding="UTF-8"?>
<!-- Generated by org.testng.reporters.JUnitReportReporter -->
<testsuite hostname="LAPTOP-GQ2BCS1M" failures="0" tests="3" name="TestENG2.example9_TestNGKeyword3_priority1" time="0.041" errors="0" timestamp="2023-09-01T01:10:20 IST" skipped="0">
  <testcase classname="TestENG2.example9_TestNGKeyword3_priority1" name="TC1" time="0.039">
    <system-out>
      <![CDATA[----running TC1-----]]>
    </system-out>
  </testcase> <!-- TC1 -->
  <testcase classname="TestENG2.example9_TestNGKeyword3_priority1" name="TC3" time="0.000">
    <system-out>
      <![CDATA[----running TC3-----]]>
    </system-out>
  </testcase> <!-- TC3 -->
  <testcase classname="TestENG2.example9_TestNGKeyword3_priority1" name="TC2" time="0.002">
    <system-out>
      <![CDATA[----running TC2-----]]>
    </system-out>
  </testcase> <!-- TC2 -->
  <system-out>
    <![CDATA[----running TC1-----
----running TC2-----
----running TC3-----]]>
  </system-out>
</testsuite> <!-- TestENG2.example9_TestNGKeyword3_priority1 -->
