<?xml version="1.0" encoding="UTF-8"?>
<!-- Generated by org.testng.reporters.JUnitReportReporter -->
<testsuite hostname="LAPTOP-GQ2BCS1M" failures="0" tests="3" name="Test_EG.example1_Disable_TCExecution_From_TestClass" time="0.005" errors="0" timestamp="2023-09-06T22:36:15 IST" skipped="2">
  <testcase classname="Test_EG.example1_Disable_TCExecution_From_TestClass" name="TC1" time="0.005">
    <system-out>
      <![CDATA[----running TC1 ----]]>
    </system-out>
  </testcase> <!-- TC1 -->
  <testcase classname="Test_EG.example1_Disable_TCExecution_From_TestClass" name="TC2">
    <skipped/>
  </testcase> <!-- TC2 -->
  <testcase classname="Test_EG.example1_Disable_TCExecution_From_TestClass" name="TC3">
    <skipped/>
  </testcase> <!-- TC3 -->
  <system-out>
    <![CDATA[----running TC1 ----]]>
  </system-out>
</testsuite> <!-- Test_EG.example1_Disable_TCExecution_From_TestClass -->
