<?xml version="1.0" encoding="UTF-8"?>
<!-- Generated by org.testng.reporters.JUnitReportReporter -->
<testsuite hostname="LAPTOP-GQ2BCS1M" failures="0" tests="1" name="TestNG_5.Example2_Parallel2" time="12.611" errors="0" timestamp="2023-09-09T19:54:35 IST" skipped="0">
  <testcase classname="TestNG_5.Example2_Parallel2" name="OpenGoogleApp" time="12.611"/>
</testsuite> <!-- TestNG_5.Example2_Parallel2 -->
