<?xml version="1.0" encoding="UTF-8"?>
<!-- Generated by org.testng.reporters.JUnitReportReporter -->
<testsuite hostname="LAPTOP-GQ2BCS1M" failures="0" tests="3" name="TestNG3.example6_Sample1" time="0.015" errors="0" timestamp="2023-09-03T16:01:40 IST" skipped="0">
  <testcase classname="TestNG3.example6_Sample1" name="TC2" time="0.000">
    <system-out>
      <![CDATA[---running TC2-------]]>
    </system-out>
  </testcase> <!-- TC2 -->
  <testcase classname="TestNG3.example6_Sample1" name="TC1" time="0.011">
    <system-out>
      <![CDATA[---running TC1-------]]>
    </system-out>
  </testcase> <!-- TC1 -->
  <testcase classname="TestNG3.example6_Sample1" name="TC3" time="0.004">
    <system-out>
      <![CDATA[---running TC3-------]]>
    </system-out>
  </testcase> <!-- TC3 -->
  <system-out>
    <![CDATA[---running TC1-------
---running TC2-------
---running TC3-------
---running TC4-------
---running TC5-------
---running TC6-------]]>
  </system-out>
</testsuite> <!-- TestNG3.example6_Sample1 -->
