<?xml version="1.0" encoding="UTF-8"?>
<!-- Generated by org.testng.reporters.JUnitReportReporter -->
<testsuite hostname="LAPTOP-GQ2BCS1M" failures="0" tests="1" name="TestNG_6.Example1_MultiBrowserTesting" time="0.000" errors="0" timestamp="2023-09-09T20:43:31 IST" skipped="0">
  <testcase classname="TestNG_6.Example1_MultiBrowserTesting" name="TC1" time="0.000"/>
</testsuite> <!-- TestNG_6.Example1_MultiBrowserTesting -->
