<?xml version="1.0" encoding="UTF-8"?>
<!-- Generated by org.testng.reporters.JUnitReportReporter -->
<testsuite hostname="LAPTOP-GQ2BCS1M" failures="0" tests="1" name="TestNG4.Example4_1AssertClass4_assertFalse" time="0.012" errors="0" timestamp="2023-09-04T00:01:06 IST" skipped="0">
  <testcase classname="TestNG4.Example4_1AssertClass4_assertFalse" name="TC4" time="0.012"/>
</testsuite> <!-- TestNG4.Example4_1AssertClass4_assertFalse -->
