<?xml version="1.0" encoding="UTF-8"?>
<!-- Generated by org.testng.reporters.JUnitReportReporter -->
<testsuite hostname="LAPTOP-GQ2BCS1M" failures="0" tests="2" name="Test_EG.example2_Disable_TCExecutionFromTestSuite" time="0.010" errors="0" timestamp="2023-09-07T00:19:40 IST" skipped="0">
  <testcase classname="Test_EG.example2_Disable_TCExecutionFromTestSuite" name="TC1" time="0.010">
    <system-out>
      <![CDATA[----running TC1 ----]]>
    </system-out>
  </testcase> <!-- TC1 -->
  <testcase classname="Test_EG.example2_Disable_TCExecutionFromTestSuite" name="TC2" time="0.000">
    <system-out>
      <![CDATA[----running TC2 ------]]>
    </system-out>
  </testcase> <!-- TC2 -->
  <system-out>
    <![CDATA[----running TC1 ----
----running TC2 ------]]>
  </system-out>
</testsuite> <!-- Test_EG.example2_Disable_TCExecutionFromTestSuite -->
