<?xml version="1.0" encoding="UTF-8"?>
<!-- Generated by org.testng.reporters.JUnitReportReporter -->
<testsuite hostname="LAPTOP-GQ2BCS1M" failures="0" tests="1" name="Example1.demo3" time="8.023" errors="0" timestamp="2023-06-23T09:14:21 IST" skipped="0">
  <testcase classname="Example1.demo3" name="m1" time="8.023"/>
</testsuite> <!-- Example1.demo3 -->
