<?xml version="1.0" encoding="UTF-8"?>
<!-- Generated by org.testng.reporters.JUnitReportReporter -->
<testsuite hostname="LAPTOP-GQ2BCS1M" failures="0" tests="1" name="RegressionSuit3July.Example1" time="16.452" errors="0" timestamp="2023-07-17T16:21:20 IST" skipped="0">
  <testcase classname="RegressionSuit3July.Example1" name="TC1" time="16.452"/>
</testsuite> <!-- RegressionSuit3July.Example1 -->
