<?xml version="1.0" encoding="UTF-8"?>
<!-- Generated by org.testng.reporters.JUnitReportReporter -->
<testsuite hostname="LAPTOP-GQ2BCS1M" failures="0" tests="1" name="TestNG_6.Example1_MultiBrowserTesting2" time="10.157" errors="0" timestamp="2023-09-11T19:31:55 IST" skipped="0">
  <testcase classname="TestNG_6.Example1_MultiBrowserTesting2" name="TC1" time="10.157"/>
</testsuite> <!-- TestNG_6.Example1_MultiBrowserTesting2 -->
