<?xml version="1.0" encoding="UTF-8"?>
<!-- Generated by org.testng.reporters.JUnitReportReporter -->
<testsuite hostname="LAPTOP-GQ2BCS1M" failures="0" tests="2" name="TestNG3.example4_TestNGKeyword4_DependsOnMethod" time="0.015" errors="0" timestamp="2023-09-02T22:10:41 IST" skipped="0">
  <testcase classname="TestNG3.example4_TestNGKeyword4_DependsOnMethod" name="login" time="0.012">
    <system-out>
      <![CDATA[---running login TC-------]]>
    </system-out>
  </testcase> <!-- login -->
  <testcase classname="TestNG3.example4_TestNGKeyword4_DependsOnMethod" name="logout" time="0.003">
    <system-out>
      <![CDATA[----running logout TC----]]>
    </system-out>
  </testcase> <!-- logout -->
  <system-out>
    <![CDATA[---running login TC-------
----running logout TC----]]>
  </system-out>
</testsuite> <!-- TestNG3.example4_TestNGKeyword4_DependsOnMethod -->
