<?xml version="1.0" encoding="UTF-8"?>
<!-- Generated by org.testng.reporters.JUnitReportReporter -->
<testsuite hostname="LAPTOP-GQ2BCS1M" failures="0" tests="3" name="TestNG3.example5_TestNGKeyword4_DependsOnMethod" time="0.014" errors="0" timestamp="2023-09-02T22:48:23 IST" skipped="0">
  <testcase classname="TestNG3.example5_TestNGKeyword4_DependsOnMethod" name="login1" time="0.010">
    <system-out>
      <![CDATA[---running login1 TC-------]]>
    </system-out>
  </testcase> <!-- login1 -->
  <testcase classname="TestNG3.example5_TestNGKeyword4_DependsOnMethod" name="logout" time="0.002">
    <system-out>
      <![CDATA[----running logout TC----]]>
    </system-out>
  </testcase> <!-- logout -->
  <testcase classname="TestNG3.example5_TestNGKeyword4_DependsOnMethod" name="login2" time="0.002">
    <system-out>
      <![CDATA[---running login2 TC-------]]>
    </system-out>
  </testcase> <!-- login2 -->
  <system-out>
    <![CDATA[---running login1 TC-------
---running login2 TC-------
----running logout TC----]]>
  </system-out>
</testsuite> <!-- TestNG3.example5_TestNGKeyword4_DependsOnMethod -->
