<?xml version="1.0" encoding="UTF-8"?>
<!-- Generated by org.testng.reporters.JUnitReportReporter -->
<testsuite hostname="LAPTOP-GQ2BCS1M" failures="0" tests="1" name="TestNG3.example1_TestNGKeyword4_Timeouts" time="0.037" errors="0" timestamp="2023-09-02T01:25:41 IST" skipped="0">
  <testcase classname="TestNG3.example1_TestNGKeyword4_Timeouts" name="TC1" time="0.037">
    <system-out>
      <![CDATA[running TC1]]>
    </system-out>
  </testcase> <!-- TC1 -->
  <system-out>
    <![CDATA[running TC1]]>
  </system-out>
</testsuite> <!-- TestNG3.example1_TestNGKeyword4_Timeouts -->
