<?xml version="1.0" encoding="UTF-8"?>
<!-- Generated by org.testng.reporters.JUnitReportReporter -->
<testsuite hostname="LAPTOP-GQ2BCS1M" failures="0" tests="1" name="TestNG1.example2_TestNGClass1" time="11.618" errors="0" timestamp="2023-08-28T00:31:47 IST" skipped="0">
  <testcase classname="TestNG1.example2_TestNGClass1" name="m1" time="11.618"/>
</testsuite> <!-- TestNG1.example2_TestNGClass1 -->
