<?xml version="1.0" encoding="UTF-8"?>
<!-- Generated by org.testng.reporters.JUnitReportReporter -->
<testsuite hostname="LAPTOP-GQ2BCS1M" failures="0" tests="1" name="TestNG4.Example2AssertClass2_assertNotEquals" time="0.016" errors="0" timestamp="2023-09-03T22:54:55 IST" skipped="0">
  <testcase classname="TestNG4.Example2AssertClass2_assertNotEquals" name="TC1" time="0.016"/>
</testsuite> <!-- TestNG4.Example2AssertClass2_assertNotEquals -->
