<?xml version="1.0" encoding="UTF-8"?>
<!-- Generated by org.testng.reporters.JUnitReportReporter -->
<testsuite hostname="LAPTOP-GQ2BCS1M" failures="0" tests="2" name="TestNG1.example4_EmailableReport" time="0.019" errors="0" timestamp="2023-08-28T01:01:23 IST" skipped="0">
  <testcase classname="TestNG1.example4_EmailableReport" name="TC2" time="0.000"/>
  <testcase classname="TestNG1.example4_EmailableReport" name="TC1" time="0.019"/>
</testsuite> <!-- TestNG1.example4_EmailableReport -->
