<?xml version="1.0" encoding="UTF-8"?>
<!-- Generated by org.testng.reporters.JUnitReportReporter -->
<testsuite hostname="LAPTOP-GQ2BCS1M" failures="0" tests="1" name="TestNG3.example2_TestNGKeyword4_Timeouts" time="5.029" errors="1" timestamp="2023-09-02T01:34:05 IST" skipped="0">
  <testcase classname="TestNG3.example2_TestNGKeyword4_Timeouts" name="TC1" time="5.029">
    <error message="Method TestNG3.example2_TestNGKeyword4_Timeouts.TC1() didn&#039;t finish within the time-out 5000" type="org.testng.internal.thread.ThreadTimeoutException">
      <![CDATA[org.testng.internal.thread.ThreadTimeoutException: Method TestNG3.example2_TestNGKeyword4_Timeouts.TC1() didn't finish within the time-out 5000
at java.base@11.0.19/java.lang.Thread.sleep(Native Method)
at app//TestNG3.example2_TestNGKeyword4_Timeouts.TC1(example2_TestNGKeyword4_Timeouts.java:11)
at java.base@11.0.19/jdk.internal.reflect.NativeMethodAccessorImpl.invoke0(Native Method)
at java.base@11.0.19/jdk.internal.reflect.NativeMethodAccessorImpl.invoke(NativeMethodAccessorImpl.java:62)
at java.base@11.0.19/jdk.internal.reflect.DelegatingMethodAccessorImpl.invoke(DelegatingMethodAccessorImpl.java:43)
at java.base@11.0.19/java.lang.reflect.Method.invoke(Method.java:566)
at app//org.testng.internal.invokers.MethodInvocationHelper.invokeMethod(MethodInvocationHelper.java:139)
at app//org.testng.internal.invokers.InvokeMethodRunnable.runOne(InvokeMethodRunnable.java:47)
at app//org.testng.internal.invokers.InvokeMethodRunnable.call(InvokeMethodRunnable.java:76)
at app//org.testng.internal.invokers.InvokeMethodRunnable.call(InvokeMethodRunnable.java:11)
at java.base@11.0.19/java.util.concurrent.FutureTask.run(FutureTask.java:264)
at java.base@11.0.19/java.util.concurrent.ThreadPoolExecutor.runWorker(ThreadPoolExecutor.java:1128)
at java.base@11.0.19/java.util.concurrent.ThreadPoolExecutor$Worker.run(ThreadPoolExecutor.java:628)
at java.base@11.0.19/java.lang.Thread.run(Thread.java:834)
]]>
    </error>
  </testcase> <!-- TC1 -->
</testsuite> <!-- TestNG3.example2_TestNGKeyword4_Timeouts -->
