<?xml version="1.0" encoding="UTF-8"?>
<!-- Generated by org.testng.reporters.JUnitReportReporter -->
<testsuite hostname="LAPTOP-GQ2BCS1M" failures="0" tests="1" name="TestENG2.example2_Annotations" time="0.016" errors="0" timestamp="2023-08-29T23:24:08 IST" skipped="0">
  <testcase classname="TestENG2.example2_Annotations" name="verifyFullName" time="0.016">
    <system-out>
      <![CDATA[running verify Full Name TC]]>
    </system-out>
  </testcase> <!-- verifyFullName -->
  <system-out>
    <![CDATA[---login To App----
running verify Full Name TC
---logout from App----]]>
  </system-out>
</testsuite> <!-- TestENG2.example2_Annotations -->
