<?xml version="1.0" encoding="UTF-8"?>
<!-- Generated by org.testng.reporters.JUnitReportReporter -->
<testsuite hostname="LAPTOP-GQ2BCS1M" failures="0" tests="3" name="TestENG2.example8TestNGKeyword2_EnableFalse" time="0.006" errors="0" timestamp="2023-08-31T22:47:32 IST" skipped="1">
  <testcase classname="TestENG2.example8TestNGKeyword2_EnableFalse" name="TC1" time="0.006">
    <system-out>
      <![CDATA[----running TC1-----]]>
    </system-out>
  </testcase> <!-- TC1 -->
  <testcase classname="TestENG2.example8TestNGKeyword2_EnableFalse" name="TC2" time="0.000">
    <system-out>
      <![CDATA[----running TC2-----]]>
    </system-out>
  </testcase> <!-- TC2 -->
  <testcase classname="TestENG2.example8TestNGKeyword2_EnableFalse" name="TC3">
    <skipped/>
  </testcase> <!-- TC3 -->
  <system-out>
    <![CDATA[----running TC1-----
----running TC2-----]]>
  </system-out>
</testsuite> <!-- TestENG2.example8TestNGKeyword2_EnableFalse -->
