<?xml version="1.0" encoding="UTF-8"?>
<!-- Generated by org.testng.reporters.JUnitReportReporter -->
<testsuite hostname="LAPTOP-GQ2BCS1M" failures="0" tests="3" name="TestNG_5.Example1_Grouping2" time="0.011" errors="0" timestamp="2023-09-08T00:21:44 IST" skipped="0">
  <testcase classname="TestNG_5.Example1_Grouping2" name="TC1" time="0.000">
    <system-out>
      <![CDATA[----running TC1 ----]]>
    </system-out>
  </testcase> <!-- TC1 -->
  <testcase classname="TestNG_5.Example1_Grouping2" name="TC2" time="0.000">
    <system-out>
      <![CDATA[----running TC2 ------]]>
    </system-out>
  </testcase> <!-- TC2 -->
  <testcase classname="TestNG_5.Example1_Grouping2" name="TC3" time="0.011">
    <system-out>
      <![CDATA[----running TC3 ----]]>
    </system-out>
  </testcase> <!-- TC3 -->
  <system-out>
    <![CDATA[----running TC1 ----
----running TC2 ------
----running TC3 ----
----running TC1 ----
----running TC2 ------
----running TC3 ----]]>
  </system-out>
</testsuite> <!-- TestNG_5.Example1_Grouping2 -->
