<?xml version="1.0" encoding="UTF-8"?>
<!-- Generated by org.testng.reporters.JUnitReportReporter -->
<testsuite hostname="LAPTOP-GQ2BCS1M" failures="0" tests="1" name="TestNG4.Example3_1AssertClass3_assertTrue" time="0.030" errors="0" timestamp="2023-09-03T23:41:44 IST" skipped="0">
  <testcase classname="TestNG4.Example3_1AssertClass3_assertTrue" name="TC3" time="0.030"/>
</testsuite> <!-- TestNG4.Example3_1AssertClass3_assertTrue -->
