<?xml version="1.0" encoding="UTF-8"?>
<!-- Generated by org.testng.reporters.JUnitReportReporter -->
<testsuite hostname="LAPTOP-GQ2BCS1M" failures="0" tests="5" name="Test_EG.example4" time="0.030" errors="0" timestamp="2023-09-07T01:31:15 IST" skipped="0">
  <testcase classname="Test_EG.example4" name="TC2" time="0.000">
    <system-out>
      <![CDATA[----running TC2 ------]]>
    </system-out>
  </testcase> <!-- TC2 -->
  <testcase classname="Test_EG.example4" name="TC5" time="0.000">
    <system-out>
      <![CDATA[----running TC5 ----]]>
    </system-out>
  </testcase> <!-- TC5 -->
  <testcase classname="Test_EG.example4" name="TC3" time="0.000">
    <system-out>
      <![CDATA[----running TC3 ----]]>
    </system-out>
  </testcase> <!-- TC3 -->
  <testcase classname="Test_EG.example4" name="TC4" time="0.016">
    <system-out>
      <![CDATA[----running TC4 ----]]>
    </system-out>
  </testcase> <!-- TC4 -->
  <testcase classname="Test_EG.example4" name="TC1" time="0.014">
    <system-out>
      <![CDATA[----running TC1 ----]]>
    </system-out>
  </testcase> <!-- TC1 -->
  <system-out>
    <![CDATA[----running TC1 ----
----running TC2 ------
----running TC3 ----
----running TC4 ----
----running TC5 ----]]>
  </system-out>
</testsuite> <!-- Test_EG.example4 -->
