<?xml version="1.0" encoding="UTF-8"?>
<!-- Generated by org.testng.reporters.JUnitReportReporter -->
<testsuite hostname="LAPTOP-GQ2BCS1M" failures="0" tests="1" name="TestENG2.example1_Annotations" time="0.010" errors="0" timestamp="2023-08-29T22:52:02 IST" skipped="0">
  <testcase classname="TestENG2.example1_Annotations" name="TC1" time="0.010">
    <system-out>
      <![CDATA[running TC1]]>
    </system-out>
  </testcase> <!-- TC1 -->
  <system-out>
    <![CDATA[running TC1]]>
  </system-out>
</testsuite> <!-- TestENG2.example1_Annotations -->
