<?xml version="1.0" encoding="UTF-8"?>
<!-- Generated by org.testng.reporters.JUnitReportReporter -->
<testsuite hostname="LAPTOP-GQ2BCS1M" failures="0" tests="1" name="TestNG4.Example1_AssertClass1_assertEquals" time="0.018" errors="0" timestamp="2023-09-03T21:34:02 IST" skipped="0">
  <testcase classname="TestNG4.Example1_AssertClass1_assertEquals" name="TC1" time="0.018"/>
</testsuite> <!-- TestNG4.Example1_AssertClass1_assertEquals -->
