<?xml version="1.0" encoding="UTF-8"?>
<!-- Generated by org.testng.reporters.JUnitReportReporter -->
<testsuite hostname="LAPTOP-GQ2BCS1M" failures="0" tests="3" name="TestNG1.example5_EmailableReport" time="0.026" errors="0" timestamp="2023-08-28T15:34:53 IST" skipped="0">
  <testcase classname="TestNG1.example5_EmailableReport" name="TC2" time="0.000"/>
  <testcase classname="TestNG1.example5_EmailableReport" name="TC1" time="0.026"/>
  <testcase classname="TestNG1.example5_EmailableReport" name="TC3" time="0.000"/>
</testsuite> <!-- TestNG1.example5_EmailableReport -->
