<?xml version="1.0" encoding="UTF-8"?>
<!-- Generated by org.testng.reporters.JUnitReportReporter -->
<testsuite hostname="LAPTOP-GQ2BCS1M" failures="0" tests="3" name="TestNG3.example6_Sample2" time="0.006" errors="0" timestamp="2023-09-03T16:01:40 IST" skipped="0">
  <testcase classname="TestNG3.example6_Sample2" name="TC6" time="0.000">
    <system-out>
      <![CDATA[---running TC6-------]]>
    </system-out>
  </testcase> <!-- TC6 -->
  <testcase classname="TestNG3.example6_Sample2" name="TC4" time="0.006">
    <system-out>
      <![CDATA[---running TC4-------]]>
    </system-out>
  </testcase> <!-- TC4 -->
  <testcase classname="TestNG3.example6_Sample2" name="TC5" time="0.000">
    <system-out>
      <![CDATA[---running TC5-------]]>
    </system-out>
  </testcase> <!-- TC5 -->
  <system-out>
    <![CDATA[---running TC1-------
---running TC2-------
---running TC3-------
---running TC4-------
---running TC5-------
---running TC6-------]]>
  </system-out>
</testsuite> <!-- TestNG3.example6_Sample2 -->
