<?xml version="1.0" encoding="UTF-8"?>
<!-- Generated by org.testng.reporters.JUnitReportReporter -->
<testsuite hostname="LAPTOP-GQ2BCS1M" failures="0" tests="5" name="TestENG2.example7_TestNGKeyword1_invocationCount" time="0.033" errors="0" timestamp="2023-08-31T22:34:22 IST" skipped="0">
  <testcase classname="TestENG2.example7_TestNGKeyword1_invocationCount" name="TC1" time="0.000">
    <system-out>
      <![CDATA[----running TC1-----]]>
    </system-out>
  </testcase> <!-- TC1 -->
  <testcase classname="TestENG2.example7_TestNGKeyword1_invocationCount" name="TC1" time="0.000">
    <system-out>
      <![CDATA[----running TC1-----]]>
    </system-out>
  </testcase> <!-- TC1 -->
  <testcase classname="TestENG2.example7_TestNGKeyword1_invocationCount" name="TC1" time="0.018">
    <system-out>
      <![CDATA[----running TC1-----]]>
    </system-out>
  </testcase> <!-- TC1 -->
  <testcase classname="TestENG2.example7_TestNGKeyword1_invocationCount" name="TC1" time="0.000">
    <system-out>
      <![CDATA[----running TC1-----]]>
    </system-out>
  </testcase> <!-- TC1 -->
  <testcase classname="TestENG2.example7_TestNGKeyword1_invocationCount" name="TC1" time="0.015">
    <system-out>
      <![CDATA[----running TC1-----]]>
    </system-out>
  </testcase> <!-- TC1 -->
  <system-out>
    <![CDATA[----running TC1-----
----running TC1-----
----running TC1-----
----running TC1-----
----running TC1-----]]>
  </system-out>
</testsuite> <!-- TestENG2.example7_TestNGKeyword1_invocationCount -->
