<?xml version="1.0" encoding="UTF-8"?>
<!-- Generated by org.testng.reporters.JUnitReportReporter -->
<testsuite hostname="LAPTOP-GQ2BCS1M" failures="0" tests="2" name="TestENG2.example5_Annotations" time="0.020" errors="0" timestamp="2023-08-31T16:27:16 IST" skipped="0">
  <testcase classname="TestENG2.example5_Annotations" name="verifyFullName1" time="0.012">
    <system-out>
      <![CDATA[running verify Full Name1 TC]]>
    </system-out>
  </testcase> <!-- verifyFullName1 -->
  <testcase classname="TestENG2.example5_Annotations" name="verifyFullName2" time="0.008">
    <system-out>
      <![CDATA[running verify Full Name2 TC]]>
    </system-out>
  </testcase> <!-- verifyFullName2 -->
  <system-out>
    <![CDATA[---open Browser----
---login To App----
running verify Full Name1 TC
---logout from App----
---login To App----
running verify Full Name2 TC
---logout from App----
---close Browser----]]>
  </system-out>
</testsuite> <!-- TestENG2.example5_Annotations -->
