<?xml version="1.0" encoding="UTF-8"?>
<!-- Generated by org.testng.reporters.JUnitReportReporter -->
<testsuite hostname="LAPTOP-GQ2BCS1M" failures="0" tests="1" name="POM_DDF_TestNG.PBLoginTest1" time="31.248" errors="0" timestamp="2023-06-29T14:28:17 IST" skipped="0">
  <testcase classname="POM_DDF_TestNG.PBLoginTest1" name="verifyFullName" time="31.248"/>
</testsuite> <!-- POM_DDF_TestNG.PBLoginTest1 -->
