<?xml version="1.0" encoding="UTF-8"?>
<!-- Generated by org.testng.reporters.JUnitReportReporter -->
<testsuite hostname="LAPTOP-GQ2BCS1M" failures="0" tests="2" name="TestENG2.example3_Annotations" time="0.020" errors="0" timestamp="2023-08-30T00:06:30 IST" skipped="0">
  <testcase classname="TestENG2.example3_Annotations" name="verifyFullName1" time="0.016">
    <system-out>
      <![CDATA[running verify Full Name1 TC]]>
    </system-out>
  </testcase> <!-- verifyFullName1 -->
  <testcase classname="TestENG2.example3_Annotations" name="verifyFullName" time="0.004">
    <system-out>
      <![CDATA[running verify Full Name TC]]>
    </system-out>
  </testcase> <!-- verifyFullName -->
  <system-out>
    <![CDATA[---login To App----
running verify Full Name TC
---logout from App----
---login To App----
running verify Full Name1 TC
---logout from App----]]>
  </system-out>
</testsuite> <!-- TestENG2.example3_Annotations -->
